nohup: ignoring input

> server@1.0.0 dev
> nodemon --watch . --exec ts-node index.ts

[33m[nodemon] 3.1.4[39m
[33m[nodemon] to restart at any time, enter `rs`[39m
[33m[nodemon] watching path(s): *.*[39m
[33m[nodemon] watching extensions: ts,json[39m
[32m[nodemon] starting `ts-node index.ts`[39m
node:events:502
      throw er; // Unhandled 'error' event
      ^

Error: EBADF: bad file descriptor, read
Emitted 'error' event on ReadStream instance at:
    at emitErrorNT (node:internal/streams/destroy:169:8)
    at errorOrDestroy (node:internal/streams/destroy:238:7)
    at node:internal/fs/streams:272:9
    at FSReqCallback.wrapper [as oncomplete] (node:fs:683:5) {
  errno: -9,
  code: 'EBADF',
  syscall: 'read'
}

Node.js v20.19.3
Server is running at http://0.0.0.0:3000
cookies: {
  g_state: '{"i_l":0,"i_ll":1784577019461,"i_e":{"enable_itp_optimization":24},"i_et":1784577019461}',
  userId: '1'
}
userId: 1
{
  id: 1,
  googleId: '112905671068495748138',
  email: 'belendorrr@gmail.com',
  name: 'man tau',
  picture: 'https://lh3.googleusercontent.com/a/ACg8ocIHrTiGdcSju9MTNwfHnHVuuBxcoyUwTrOXav_sAqaU5hAYog=s96-c',
  createdAt: 2026-05-11T02:32:19.841Z,
  updatedAt: 2026-07-21T21:26:35.220Z
}
cookies: {
  g_state: '{"i_l":0,"i_ll":1784577019461,"i_e":{"enable_itp_optimization":24},"i_et":1784577019461}',
  userId: '1'
}
userId: 1
{
  id: 1,
  googleId: '112905671068495748138',
  email: 'belendorrr@gmail.com',
  name: 'man tau',
  picture: 'https://lh3.googleusercontent.com/a/ACg8ocIHrTiGdcSju9MTNwfHnHVuuBxcoyUwTrOXav_sAqaU5hAYog=s96-c',
  createdAt: 2026-05-11T02:32:19.841Z,
  updatedAt: 2026-07-21T21:26:35.220Z
}
=== HTTP REQUEST ARRIVED ===
=== MULTER FINISHED ===
Files uploaded: 4
Last video ID in DB: 13080, max ID in folder: 13080
Copying 10.mp4
Copying 11.mp4
Copying 12.mp4
Copying 13.mp4
=== RESPONSE SENT ===
cookies: {
  g_state: '{"i_l":0,"i_ll":1784577019461,"i_e":{"enable_itp_optimization":24},"i_et":1784577019461}',
  userId: '1'
}
userId: 1
{
  id: 1,
  googleId: '112905671068495748138',
  email: 'belendorrr@gmail.com',
  name: 'man tau',
  picture: 'https://lh3.googleusercontent.com/a/ACg8ocIHrTiGdcSju9MTNwfHnHVuuBxcoyUwTrOXav_sAqaU5hAYog=s96-c',
  createdAt: 2026-05-11T02:32:19.841Z,
  updatedAt: 2026-07-21T21:26:35.220Z
}
cookies: {
  g_state: '{"i_l":0,"i_ll":1784577019461,"i_e":{"enable_itp_optimization":24},"i_et":1784577019461}',
  userId: '1'
}
userId: 1
{
  id: 1,
  googleId: '112905671068495748138',
  email: 'belendorrr@gmail.com',
  name: 'man tau',
  picture: 'https://lh3.googleusercontent.com/a/ACg8ocIHrTiGdcSju9MTNwfHnHVuuBxcoyUwTrOXav_sAqaU5hAYog=s96-c',
  createdAt: 2026-05-11T02:32:19.841Z,
  updatedAt: 2026-07-21T21:26:35.220Z
}
=== HTTP REQUEST ARRIVED ===
=== MULTER FINISHED ===
Files uploaded: 10
Last video ID in DB: 13084, max ID in folder: 13084
Copying 1.mp4
Copying 2.mp4
Copying 3.mp4
Copying 4.mp4
Copying 5.mp4
Copying 6.mp4
Copying 7.mp4
Copying 8.mp4
Copying 9.mp4
Copying 10.mp4
=== RESPONSE SENT ===
=== HTTP REQUEST ARRIVED ===
=== MULTER FINISHED ===
Files uploaded: 22
Last video ID in DB: 13094, max ID in folder: 13094
Copying 1.mp4
Copying 2.mp4
Copying 3.mp4
Copying 4.mp4
Copying 5.mp4
Copying 6.mp4
Copying 7.mp4
Copying 8.mp4
Copying 9.mp4
Copying 10.mp4
Copying 11.mp4
Copying 12.mp4
Copying 13.mp4
Copying 14.mp4
Copying 15.mp4
Copying 16.mp4
Copying 18.mp4
Copying 19.mp4
Copying 20.mp4
Copying 21.mp4
Copying 22.mp4
Copying 23.mp4
=== RESPONSE SENT ===
=== HTTP REQUEST ARRIVED ===
cookies: {
  g_state: '{"i_l":0,"i_ll":1784577019461,"i_e":{"enable_itp_optimization":24},"i_et":1784577019461}',
  userId: '1'
}
userId: 1
{
  id: 1,
  googleId: '112905671068495748138',
  email: 'belendorrr@gmail.com',
  name: 'man tau',
  picture: 'https://lh3.googleusercontent.com/a/ACg8ocIHrTiGdcSju9MTNwfHnHVuuBxcoyUwTrOXav_sAqaU5hAYog=s96-c',
  createdAt: 2026-05-11T02:32:19.841Z,
  updatedAt: 2026-07-21T21:26:35.220Z
}
=== HTTP REQUEST ARRIVED ===
=== MULTER FINISHED ===
Files uploaded: 12
Last video ID in DB: 13116, max ID in folder: 13116
Copying 1.mp4
Copying 2.mp4
Copying 3.mp4
Copying 4.mp4
Copying 5.mp4
Copying 6.mp4
Copying 7.mp4
Copying 8.mp4
Copying 9.mp4
Copying 10.mp4
Copying 11.mp4
Copying 12.mp4
=== RESPONSE SENT ===
=== HTTP REQUEST ARRIVED ===
=== MULTER FINISHED ===
Files uploaded: 18
Last video ID in DB: 13128, max ID in folder: 13128
Copying 1.mp4
Copying 2.mp4
Copying 3.mp4
Copying 4.mp4
Copying 5.mp4
Copying 6.mp4
Copying 7.mp4
Copying 8.mp4
Copying 9.mp4
Copying 10.mp4
Copying 11.mp4
Copying 12.mp4
Copying 13.mp4
Copying 14.mp4
Copying 15.mp4
Copying 16.mp4
Copying 17.mp4
Copying 18.mp4
=== RESPONSE SENT ===
=== HTTP REQUEST ARRIVED ===
=== MULTER FINISHED ===
Files uploaded: 26
Last video ID in DB: 13146, max ID in folder: 13146
Copying 1.mp4
Copying 2.mp4
Copying 3.mp4
Copying 4.mp4
Copying 5.mp4
Copying 6.mp4
Copying 7.mp4
Copying 8.mp4
Copying 9.mp4
Copying 10.mp4
Copying 11.mp4
Copying 12.mp4
Copying 13.mp4
Copying 14.mp4
Copying 15.mp4
Copying 16.mp4
Copying 17.mp4
Copying 18.mp4
Copying 19.mp4
Copying 20.mp4
Copying 21.mp4
Copying 22.mp4
Copying 23.mp4
Copying 24.mp4
Copying 25.mp4
Copying 26.mp4
=== RESPONSE SENT ===
=== HTTP REQUEST ARRIVED ===
=== MULTER FINISHED ===
Files uploaded: 57
Last video ID in DB: 13172, max ID in folder: 13172
Copying 1.mp4
Copying 2.mp4
Copying 3.mp4
Copying 4.mp4
Copying 5.mp4
Copying 6.mp4
Copying 7.mp4
Copying 8.mp4
Copying 9.mp4
Copying 10.mp4
Copying 11.mp4
Copying 12.mp4
Copying 13.mp4
Copying 14.mp4
Copying 15.mp4
Copying 16.mp4
Copying 17.mp4
Copying 18.mp4
Copying 19.mp4
Copying 20.mp4
Copying 21.mp4
Copying 22.mp4
Copying 23.mp4
Copying 24.mp4
Copying 25.mp4
Copying 26.mp4
Copying 27.mp4
Copying 28.mp4
Copying 29.mp4
Copying 30.mp4
Copying 31.mp4
Copying 32.mp4
Copying 33.mp4
Copying 34.mp4
Copying 35.mp4
Copying 36.mp4
Copying 37.mp4
Copying 38.mp4
Copying 39.mp4
Copying 40.mp4
Copying 41.mp4
Copying 42.mp4
Copying 43.mp4
Copying 44.mp4
Copying 45.mp4
Copying 46.mp4
Copying 47.mp4
Copying 48.mp4
Copying 49.mp4
Copying 50.mp4
Copying 51.mp4
Copying 52.mp4
Copying 53.mp4
Copying 54.mp4
Copying 55.mp4
Copying 56.mp4
Copying 57.mp4
=== RESPONSE SENT ===
=== HTTP REQUEST ARRIVED ===
=== MULTER FINISHED ===
Files uploaded: 11
Last video ID in DB: 13229, max ID in folder: 13229
Copying 1.mp4
Copying 2.mp4
Copying 3.mp4
Copying 4.mp4
Copying 5.mp4
Copying 6.mp4
Copying 7.mp4
Copying 8.mp4
Copying 9.mp4
Copying 10.mp4
Copying 11.mp4
=== RESPONSE SENT ===
=== HTTP REQUEST ARRIVED ===
=== MULTER FINISHED ===
Files uploaded: 14
Last video ID in DB: 13240, max ID in folder: 13240
Copying 1.mp4
Copying 2.mp4
Copying 3.mp4
Copying 4.mp4
Copying 5.mp4
Copying 6.mp4
Copying 7.mp4
Copying 8.mp4
Copying 9.mp4
Copying 10.mp4
Copying 11.mp4
Copying 12.mp4
Copying 13.mp4
Copying 14.mp4
=== RESPONSE SENT ===
=== HTTP REQUEST ARRIVED ===
=== MULTER FINISHED ===
Files uploaded: 5
Last video ID in DB: 13254, max ID in folder: 13254
Copying 1.mp4
Copying 2.mp4
Copying 3.mp4
Copying 4.mp4
Copying 5.mp4
=== RESPONSE SENT ===
=== HTTP REQUEST ARRIVED ===
=== MULTER FINISHED ===
Files uploaded: 14
Last video ID in DB: 13259, max ID in folder: 13259
Copying 1.mp4
Copying 2.mp4
Copying 3.mp4
Copying 4.mp4
Copying 5.mp4
Copying 6.mp4
Copying 7.mp4
Copying 8.mp4
Copying 9.mp4
Copying 10.mp4
Copying 11.mp4
Copying 12.mp4
Copying 13.mp4
Copying 14.mp4
=== RESPONSE SENT ===
=== HTTP REQUEST ARRIVED ===
=== MULTER FINISHED ===
Files uploaded: 6
Last video ID in DB: 13273, max ID in folder: 13273
Copying 1.mp4
Copying 2.mp4
Copying 3.mp4
Copying 4.mp4
Copying 5.mp4
Copying 6.mp4
=== RESPONSE SENT ===
=== HTTP REQUEST ARRIVED ===
=== MULTER FINISHED ===
Files uploaded: 21
Last video ID in DB: 13279, max ID in folder: 13279
Copying 1.mp4
Copying 2.mp4
Copying 3.mp4
Copying 4.mp4
Copying 5.mp4
Copying 6.mp4
Copying 7.mp4
Copying 8.mp4
Copying 9.mp4
Copying 10.mp4
Copying 11.mp4
Copying 12.mp4
Copying 13.mp4
Copying 14.mp4
Copying 15.mp4
Copying 16.mp4
Copying 17.mp4
Copying 18.mp4
Copying 19.mp4
Copying 20.mp4
Copying 21.mp4
=== RESPONSE SENT ===
=== HTTP REQUEST ARRIVED ===
=== MULTER FINISHED ===
Files uploaded: 18
Last video ID in DB: 13300, max ID in folder: 13300
Copying 1.mp4
Copying 2.mp4
Copying 3.mp4
Copying 4.mp4
Copying 5.mp4
Copying 6.mp4
Copying 7.mp4
Copying 8.mp4
Copying 9.mp4
Copying 10.mp4
Copying 11.mp4
Copying 12.mp4
Copying 13.mp4
Copying 14.mp4
Copying 15.mp4
Copying 16.mp4
Copying 17.mp4
Copying 18.mp4
=== RESPONSE SENT ===
=== HTTP REQUEST ARRIVED ===
=== MULTER FINISHED ===
Files uploaded: 7
Last video ID in DB: 13318, max ID in folder: 13318
Copying 1.mp4
Copying 2.mp4
Copying 3.mp4
Copying 4.mp4
Copying 5.mp4
Copying 6.mp4
Copying 7.mp4
=== RESPONSE SENT ===
=== HTTP REQUEST ARRIVED ===
=== MULTER FINISHED ===
Files uploaded: 14
Last video ID in DB: 13325, max ID in folder: 13325
Copying 1.mp4
Copying 2.mp4
Copying 3.mp4
Copying 4.mp4
Copying 5.mp4
Copying 6.mp4
Copying 7.mp4
Copying 8.mp4
Copying 9.mp4
Copying 10.mp4
Copying 11.mp4
Copying 12.mp4
Copying 13.mp4
Copying 14.mp4
=== RESPONSE SENT ===
cookies: {
  g_state: '{"i_l":0,"i_ll":1784577019461,"i_e":{"enable_itp_optimization":24},"i_et":1784577019461}',
  userId: '1'
}
userId: 1
{
  id: 1,
  googleId: '112905671068495748138',
  email: 'belendorrr@gmail.com',
  name: 'man tau',
  picture: 'https://lh3.googleusercontent.com/a/ACg8ocIHrTiGdcSju9MTNwfHnHVuuBxcoyUwTrOXav_sAqaU5hAYog=s96-c',
  createdAt: 2026-05-11T02:32:19.841Z,
  updatedAt: 2026-07-21T21:26:35.220Z
}
=== HTTP REQUEST ARRIVED ===
=== MULTER FINISHED ===
Files uploaded: 58
Last video ID in DB: 13339, max ID in folder: 13339
Copying 1.mp4
Copying 2.mp4
Copying 3.mp4
Copying 4.mp4
Copying 5.mp4
Copying 6.mp4
Copying 7.mp4
Copying 8.mp4
Copying 9.mp4
Copying 10.mp4
Copying 11.mp4
Copying 12.mp4
Copying 13.mp4
Copying 14.mp4
Copying 15.mp4
Copying 16.mp4
Copying 17.mp4
Copying 18.mp4
Copying 19.mp4
Copying 20.mp4
Copying 21.mp4
Copying 22.mp4
Copying 23.mp4
Copying 24.mp4
Copying 25.mp4
Copying 26.mp4
Copying 27.mp4
Copying 28.mp4
Copying 29.mp4
Copying 31.mp4
Copying 32.mp4
Copying 33.mp4
Copying 34.mp4
Copying 35.mp4
Copying 36.mp4
Copying 37.mp4
Copying 38.mp4
Copying 39.mp4
Copying 40.mp4
Copying 41.mp4
Copying 42.mp4
Copying 43.mp4
Copying 44.mp4
Copying 45.mp4
Copying 46.mp4
Copying 47.mp4
Copying 48.mp4
Copying 49.mp4
Copying 50.mp4
Copying 51.mp4
Copying 52.mp4
Copying 53.mp4
Copying 54.mp4
Copying 55.mp4
Copying 56.mp4
Copying 57.mp4
Copying 58.mp4
Copying 59.mp4
=== RESPONSE SENT ===
cookies: [Object: null prototype] {}
userId: NaN
cookies: [Object: null prototype] {}
userId: NaN
cookies: [Object: null prototype] {}
userId: NaN
cookies: [Object: null prototype] {}
userId: NaN
cookies: [Object: null prototype] {}
userId: NaN
cookies: [Object: null prototype] {}
userId: NaN
cookies: [Object: null prototype] {}
userId: NaN
cookies: [Object: null prototype] {}
userId: NaN
cookies: [Object: null prototype] {}
userId: NaN
cookies: [Object: null prototype] {}
userId: NaN
cookies: [Object: null prototype] {}
userId: NaN
cookies: [Object: null prototype] {}
userId: NaN
cookies: [Object: null prototype] {}
userId: NaN
cookies: [Object: null prototype] {}
userId: NaN
cookies: [Object: null prototype] {}
userId: NaN
cookies: [Object: null prototype] {}
userId: NaN
cookies: [Object: null prototype] {}
userId: NaN
cookies: [Object: null prototype] {}
userId: NaN
cookies: [Object: null prototype] {}
userId: NaN
cookies: [Object: null prototype] {}
userId: NaN
cookies: [Object: null prototype] {}
userId: NaN
cookies: [Object: null prototype] {}
userId: NaN
cookies: [Object: null prototype] {}
userId: NaN
cookies: [Object: null prototype] {}
userId: NaN
cookies: [Object: null prototype] {}
userId: NaN
cookies: {
  g_state: '{"i_l":0,"i_ll":1784577019461,"i_e":{"enable_itp_optimization":24},"i_et":1784577019461}',
  userId: '1'
}
userId: 1
{
  id: 1,
  googleId: '112905671068495748138',
  email: 'belendorrr@gmail.com',
  name: 'man tau',
  picture: 'https://lh3.googleusercontent.com/a/ACg8ocIHrTiGdcSju9MTNwfHnHVuuBxcoyUwTrOXav_sAqaU5hAYog=s96-c',
  createdAt: 2026-05-11T02:32:19.841Z,
  updatedAt: 2026-07-21T21:26:35.220Z
}
cookies: {
  g_state: '{"i_l":0,"i_ll":1784577019461,"i_e":{"enable_itp_optimization":24},"i_et":1784577019461}',
  userId: '1'
}
userId: 1
{
  id: 1,
  googleId: '112905671068495748138',
  email: 'belendorrr@gmail.com',
  name: 'man tau',
  picture: 'https://lh3.googleusercontent.com/a/ACg8ocIHrTiGdcSju9MTNwfHnHVuuBxcoyUwTrOXav_sAqaU5hAYog=s96-c',
  createdAt: 2026-05-11T02:32:19.841Z,
  updatedAt: 2026-07-21T21:26:35.220Z
}
cookies: {
  g_state: '{"i_l":0,"i_ll":1784577019461,"i_e":{"enable_itp_optimization":24},"i_et":1784577019461}',
  userId: '1'
}
userId: 1
{
  id: 1,
  googleId: '112905671068495748138',
  email: 'belendorrr@gmail.com',
  name: 'man tau',
  picture: 'https://lh3.googleusercontent.com/a/ACg8ocIHrTiGdcSju9MTNwfHnHVuuBxcoyUwTrOXav_sAqaU5hAYog=s96-c',
  createdAt: 2026-05-11T02:32:19.841Z,
  updatedAt: 2026-07-21T21:26:35.220Z
}
cookies: {
  g_state: '{"i_l":0,"i_ll":1784577019461,"i_e":{"enable_itp_optimization":24},"i_et":1784577019461}',
  userId: '1'
}
userId: 1
{
  id: 1,
  googleId: '112905671068495748138',
  email: 'belendorrr@gmail.com',
  name: 'man tau',
  picture: 'https://lh3.googleusercontent.com/a/ACg8ocIHrTiGdcSju9MTNwfHnHVuuBxcoyUwTrOXav_sAqaU5hAYog=s96-c',
  createdAt: 2026-05-11T02:32:19.841Z,
  updatedAt: 2026-07-21T21:26:35.220Z
}
cookies: [Object: null prototype] {}
userId: NaN
cookies: [Object: null prototype] {}
userId: NaN
cookies: [Object: null prototype] {}
userId: NaN
{
  id: 1,
  googleId: '112905671068495748138',
  email: 'belendorrr@gmail.com',
  name: 'man tau',
  picture: 'https://lh3.googleusercontent.com/a/ACg8ocIHrTiGdcSju9MTNwfHnHVuuBxcoyUwTrOXav_sAqaU5hAYog=s96-c',
  createdAt: 2026-05-11T02:32:19.841Z,
  updatedAt: 2026-07-22T11:24:19.048Z
}
cookies: [Object: null prototype] {}
userId: NaN
cookies: {
  g_state: '{"i_l":0,"i_ll":1784577019461,"i_e":{"enable_itp_optimization":24},"i_et":1784577019461}',
  userId: '1'
}
userId: 1
{
  id: 1,
  googleId: '112905671068495748138',
  email: 'belendorrr@gmail.com',
  name: 'man tau',
  picture: 'https://lh3.googleusercontent.com/a/ACg8ocIHrTiGdcSju9MTNwfHnHVuuBxcoyUwTrOXav_sAqaU5hAYog=s96-c',
  createdAt: 2026-05-11T02:32:19.841Z,
  updatedAt: 2026-07-22T11:24:19.048Z
}
cookies: {
  g_state: '{"i_l":0,"i_ll":1784577019461,"i_e":{"enable_itp_optimization":24},"i_et":1784577019461}',
  userId: '1'
}
userId: 1
{
  id: 1,
  googleId: '112905671068495748138',
  email: 'belendorrr@gmail.com',
  name: 'man tau',
  picture: 'https://lh3.googleusercontent.com/a/ACg8ocIHrTiGdcSju9MTNwfHnHVuuBxcoyUwTrOXav_sAqaU5hAYog=s96-c',
  createdAt: 2026-05-11T02:32:19.841Z,
  updatedAt: 2026-07-22T11:24:19.048Z
}
cookies: [Object: null prototype] {}
userId: NaN
cookies: [Object: null prototype] {}
userId: NaN
cookies: [Object: null prototype] {}
userId: NaN
cookies: [Object: null prototype] {}
userId: NaN
cookies: [Object: null prototype] {}
userId: NaN
cookies: [Object: null prototype] {}
userId: NaN
cookies: [Object: null prototype] {}
userId: NaN
cookies: [Object: null prototype] {}
userId: NaN
cookies: {
  g_state: '{"i_l":0,"i_ll":1784577019461,"i_e":{"enable_itp_optimization":24},"i_et":1784577019461}',
  userId: '1'
}
userId: 1
{
  id: 1,
  googleId: '112905671068495748138',
  email: 'belendorrr@gmail.com',
  name: 'man tau',
  picture: 'https://lh3.googleusercontent.com/a/ACg8ocIHrTiGdcSju9MTNwfHnHVuuBxcoyUwTrOXav_sAqaU5hAYog=s96-c',
  createdAt: 2026-05-11T02:32:19.841Z,
  updatedAt: 2026-07-22T11:24:19.048Z
}
cookies: {
  g_state: '{"i_l":0,"i_ll":1784577019461,"i_e":{"enable_itp_optimization":24},"i_et":1784577019461}',
  userId: '1'
}
userId: 1
{
  id: 1,
  googleId: '112905671068495748138',
  email: 'belendorrr@gmail.com',
  name: 'man tau',
  picture: 'https://lh3.googleusercontent.com/a/ACg8ocIHrTiGdcSju9MTNwfHnHVuuBxcoyUwTrOXav_sAqaU5hAYog=s96-c',
  createdAt: 2026-05-11T02:32:19.841Z,
  updatedAt: 2026-07-22T11:24:19.048Z
}
cookies: {
  g_state: '{"i_l":0,"i_ll":1784577019461,"i_e":{"enable_itp_optimization":24},"i_et":1784577019461}',
  userId: '1'
}
userId: 1
{
  id: 1,
  googleId: '112905671068495748138',
  email: 'belendorrr@gmail.com',
  name: 'man tau',
  picture: 'https://lh3.googleusercontent.com/a/ACg8ocIHrTiGdcSju9MTNwfHnHVuuBxcoyUwTrOXav_sAqaU5hAYog=s96-c',
  createdAt: 2026-05-11T02:32:19.841Z,
  updatedAt: 2026-07-22T11:24:19.048Z
}
cookies: {
  g_state: '{"i_l":0,"i_ll":1784577019461,"i_e":{"enable_itp_optimization":24},"i_et":1784577019461}',
  userId: '1'
}
userId: 1
{
  id: 1,
  googleId: '112905671068495748138',
  email: 'belendorrr@gmail.com',
  name: 'man tau',
  picture: 'https://lh3.googleusercontent.com/a/ACg8ocIHrTiGdcSju9MTNwfHnHVuuBxcoyUwTrOXav_sAqaU5hAYog=s96-c',
  createdAt: 2026-05-11T02:32:19.841Z,
  updatedAt: 2026-07-22T11:24:19.048Z
}
cookies: {
  g_state: '{"i_l":0,"i_ll":1784577019461,"i_e":{"enable_itp_optimization":24},"i_et":1784577019461}',
  userId: '1'
}
userId: 1
{
  id: 1,
  googleId: '112905671068495748138',
  email: 'belendorrr@gmail.com',
  name: 'man tau',
  picture: 'https://lh3.googleusercontent.com/a/ACg8ocIHrTiGdcSju9MTNwfHnHVuuBxcoyUwTrOXav_sAqaU5hAYog=s96-c',
  createdAt: 2026-05-11T02:32:19.841Z,
  updatedAt: 2026-07-22T11:24:19.048Z
}
cookies: {
  g_state: '{"i_l":0,"i_ll":1784577019461,"i_e":{"enable_itp_optimization":24},"i_et":1784577019461}',
  userId: '1'
}
userId: 1
{
  id: 1,
  googleId: '112905671068495748138',
  email: 'belendorrr@gmail.com',
  name: 'man tau',
  picture: 'https://lh3.googleusercontent.com/a/ACg8ocIHrTiGdcSju9MTNwfHnHVuuBxcoyUwTrOXav_sAqaU5hAYog=s96-c',
  createdAt: 2026-05-11T02:32:19.841Z,
  updatedAt: 2026-07-22T11:24:19.048Z
}
cookies: [Object: null prototype] {}
userId: NaN
